time="2024-06-25T16:02:32+05:30" level=info msg="Starting to monitor directory: MonitorMe"
time="2024-06-25T16:04:54+05:30" level=info msg="Event: CREATE on file: MonitorMe\\New Text Document.txt"
time="2024-06-25T16:04:57+05:30" level=info msg="Event: CREATE on file: MonitorMe\\whoami.txt"
time="2024-06-25T16:05:17+05:30" level=info msg="Event: CREATE on file: MonitorMe\\New Microsoft Word Document.docx"
time="2024-06-25T16:05:23+05:30" level=info msg="Event: CREATE on file: MonitorMe\\tls.docx"
time="2024-06-25T16:05:34+05:30" level=info msg="Event: CREATE on file: MonitorMe\\New Text Document.txt"
time="2024-06-25T16:05:47+05:30" level=info msg="Event: CREATE on file: MonitorMe\\kali.txt"
time="2024-06-25T16:05:55+05:30" level=info msg="Event: CREATE on file: MonitorMe\\New Microsoft Excel Worksheet.xlsx"
time="2024-06-25T16:05:55+05:30" level=info msg="Event: WRITE on file: MonitorMe\\New Microsoft Excel Worksheet.xlsx"
time="2024-06-25T16:05:55+05:30" level=info msg="Event: WRITE on file: MonitorMe\\New Microsoft Excel Worksheet.xlsx"
time="2024-06-25T16:05:55+05:30" level=info msg="Event: CREATE on file: MonitorMe\\~ew Microsoft Excel Worksheet.tmp"
time="2024-06-25T16:05:55+05:30" level=warning msg="Disallowed file extension: MonitorMe\\~ew Microsoft Excel Worksheet.tmp"
time="2024-06-25T16:05:55+05:30" level=error msg="Failed to handle disallowed file: could not remove disallowed file: remove MonitorMe\\~ew Microsoft Excel Worksheet.tmp: The process cannot access the file because it is being used by another process."
time="2024-06-25T16:05:55+05:30" level=info msg="Event: WRITE on file: MonitorMe\\~ew Microsoft Excel Worksheet.tmp"
time="2024-06-25T16:05:55+05:30" level=info msg="Event: WRITE on file: MonitorMe\\~ew Microsoft Excel Worksheet.tmp"
time="2024-06-25T16:05:55+05:30" level=info msg="Event: WRITE on file: MonitorMe\\~ew Microsoft Excel Worksheet.tmp"
time="2024-06-25T16:05:55+05:30" level=info msg="Event: WRITE on file: MonitorMe\\~ew Microsoft Excel Worksheet.tmp"
time="2024-06-25T16:05:55+05:30" level=info msg="Event: CREATE on file: MonitorMe\\New Microsoft Excel Worksheet.xlsx~RF14b9ba9.TMP"
time="2024-06-25T16:05:55+05:30" level=warning msg="Disallowed file extension: MonitorMe\\New Microsoft Excel Worksheet.xlsx~RF14b9ba9.TMP"
time="2024-06-25T16:05:55+05:30" level=info msg="Event: REMOVE on file: MonitorMe\\New Microsoft Excel Worksheet.xlsx~RF14b9ba9.TMP"
time="2024-06-25T16:05:55+05:30" level=info msg="Event: CREATE on file: MonitorMe\\New Microsoft Excel Worksheet.xlsx~RF14b9ba9.TMP"
time="2024-06-25T16:05:55+05:30" level=warning msg="Disallowed file extension: MonitorMe\\New Microsoft Excel Worksheet.xlsx~RF14b9ba9.TMP"
time="2024-06-25T16:05:55+05:30" level=info msg="Event: CREATE on file: MonitorMe\\New Microsoft Excel Worksheet.xlsx"
time="2024-06-25T16:05:55+05:30" level=info msg="Event: REMOVE on file: MonitorMe\\New Microsoft Excel Worksheet.xlsx~RF14b9ba9.TMP"
time="2024-06-25T16:06:04+05:30" level=info msg="Event: CREATE on file: MonitorMe\\findme.xlsx"
time="2024-06-25T16:07:02+05:30" level=info msg="Event: CREATE on file: MonitorMe\\New WinRAR ZIP archive.zip"
time="2024-06-25T16:07:02+05:30" level=warning msg="Disallowed file extension: MonitorMe\\New WinRAR ZIP archive.zip"
time="2024-06-25T16:07:02+05:30" level=error msg="Failed to handle disallowed file: could not remove disallowed file: remove MonitorMe\\New WinRAR ZIP archive.zip: The process cannot access the file because it is being used by another process."
time="2024-06-25T16:07:02+05:30" level=info msg="Event: WRITE on file: MonitorMe\\New WinRAR ZIP archive.zip"
time="2024-06-25T16:07:02+05:30" level=info msg="Event: WRITE on file: MonitorMe\\New WinRAR ZIP archive.zip"
time="2024-06-25T16:07:13+05:30" level=info msg="Event: CREATE on file: MonitorMe\\tied.zip"
time="2024-06-25T16:07:13+05:30" level=warning msg="Disallowed file extension: MonitorMe\\tied.zip"
time="2024-06-25T16:07:14+05:30" level=info msg="Event: REMOVE on file: MonitorMe\\tied.zip"
time="2024-06-25T16:08:44+05:30" level=info msg="Event: CREATE on file: MonitorMe\\New folder"
time="2024-06-25T16:08:44+05:30" level=warning msg="Disallowed file extension: MonitorMe\\New folder"
time="2024-06-25T16:08:44+05:30" level=error msg="Failed to handle disallowed file: could not remove disallowed file: remove MonitorMe\\New folder: The process cannot access the file because it is being used by another process."
time="2024-06-25T16:08:49+05:30" level=info msg="Event: CREATE on file: MonitorMe\\kya hua"
time="2024-06-25T16:08:49+05:30" level=warning msg="Disallowed file extension: MonitorMe\\kya hua"
time="2024-06-25T16:08:49+05:30" level=info msg="Event: REMOVE on file: MonitorMe\\kya hua"
time="2024-06-25T16:08:49+05:30" level=info msg="Event: REMOVE on file: MonitorMe\\kya hua"
time="2024-06-25T16:09:54+05:30" level=info msg="Event: REMOVE on file: MonitorMe\\findme.xlsx"
time="2024-06-25T16:10:21+05:30" level=info msg="Event: WRITE on file: MonitorMe\\kali.txt"
time="2024-06-25T16:10:59+05:30" level=info msg="Event: CREATE on file: MonitorMe\\New Bitmap image.bmp"
time="2024-06-25T16:10:59+05:30" level=warning msg="Disallowed file extension: MonitorMe\\New Bitmap image.bmp"
time="2024-06-25T16:10:59+05:30" level=error msg="Failed to handle disallowed file: could not remove disallowed file: remove MonitorMe\\New Bitmap image.bmp: The process cannot access the file because it is being used by another process."
time="2024-06-25T16:11:12+05:30" level=info msg="Event: CREATE on file: MonitorMe\\mountain.bmp"
time="2024-06-25T16:11:12+05:30" level=warning msg="Disallowed file extension: MonitorMe\\mountain.bmp"
time="2024-06-25T16:11:13+05:30" level=info msg="Event: REMOVE on file: MonitorMe\\mountain.bmp"
